<?xml version="1.0" encoding="UTF-8"?>
<!-- Generated by org.testng.reporters.JUnitXMLReporter -->
<testsuite ignored="0" hostname="DESKTOP-S7366JA" failures="0" tests="4" name="Default test" time="37.305" errors="0" timestamp="2026-02-08T17:43:39 IST">
  <testcase classname="tests.LoginTest" name="logtest1" time="1.371"/>
  <testcase classname="tests.LoginTest" name="logtest1" time="0.428"/>
  <testcase classname="tests.LoginTest" name="logtest1" time="0.438"/>
  <testcase classname="tests.LoginTest" name="logtest1" time="0.386"/>
</testsuite> <!-- Default test -->
