<?xml version="1.0" encoding="UTF-8"?>
<testng-results ignored="0" total="4" passed="4" failed="0" skipped="0">
  <reporter-output>
  </reporter-output>
  <suite started-at="2026-02-08T17:43:02 IST" name="Default suite" finished-at="2026-02-08T17:43:39 IST" duration-ms="37305">
    <groups>
    </groups>
    <test started-at="2026-02-08T17:43:02 IST" name="Default test" finished-at="2026-02-08T17:43:39 IST" duration-ms="37305">
      <class name="tests.LoginTest">
        <test-method is-config="true" signature="setup()[pri:0, instance:tests.LoginTest@23e84203]" started-at="2026-02-08T17:43:02 IST" name="setup" finished-at="2026-02-08T17:43:12 IST" duration-ms="9938" status="PASS">
          <reporter-output>
          </reporter-output>
        </test-method> <!-- setup -->
        <test-method signature="logtest1(java.lang.String,java.lang.String,java.lang.String)[pri:0, instance:tests.LoginTest@23e84203]" started-at="2026-02-08T17:43:12 IST" name="logtest1" data-provider="testdata1" finished-at="2026-02-08T17:43:13 IST" duration-ms="1371" status="PASS">
          <params>
            <param index="0">
              <value>
                <![CDATA[student]]>
              </value>
            </param>
            <param index="1">
              <value>
                <![CDATA[Password123]]>
              </value>
            </param>
            <param index="2">
              <value>
                <![CDATA[Success]]>
              </value>
            </param>
          </params>
          <reporter-output>
          </reporter-output>
        </test-method> <!-- logtest1 -->
        <test-method is-config="true" signature="teardown()[pri:0, instance:tests.LoginTest@23e84203]" started-at="2026-02-08T17:43:13 IST" name="teardown" finished-at="2026-02-08T17:43:14 IST" duration-ms="436" status="PASS">
          <reporter-output>
          </reporter-output>
        </test-method> <!-- teardown -->
        <test-method is-config="true" signature="setup()[pri:0, instance:tests.LoginTest@23e84203]" started-at="2026-02-08T17:43:14 IST" name="setup" finished-at="2026-02-08T17:43:22 IST" duration-ms="7946" status="PASS">
          <reporter-output>
          </reporter-output>
        </test-method> <!-- setup -->
        <test-method signature="logtest1(java.lang.String,java.lang.String,java.lang.String)[pri:0, instance:tests.LoginTest@23e84203]" started-at="2026-02-08T17:43:22 IST" name="logtest1" data-provider="testdata1" finished-at="2026-02-08T17:43:22 IST" duration-ms="428" status="PASS">
          <params>
            <param index="0">
              <value>
                <![CDATA[InvalidUser]]>
              </value>
            </param>
            <param index="1">
              <value>
                <![CDATA[InvalidPassword]]>
              </value>
            </param>
            <param index="2">
              <value>
                <![CDATA[Fail]]>
              </value>
            </param>
          </params>
          <reporter-output>
          </reporter-output>
        </test-method> <!-- logtest1 -->
        <test-method is-config="true" signature="teardown()[pri:0, instance:tests.LoginTest@23e84203]" started-at="2026-02-08T17:43:22 IST" name="teardown" finished-at="2026-02-08T17:43:23 IST" duration-ms="347" status="PASS">
          <reporter-output>
          </reporter-output>
        </test-method> <!-- teardown -->
        <test-method is-config="true" signature="setup()[pri:0, instance:tests.LoginTest@23e84203]" started-at="2026-02-08T17:43:23 IST" name="setup" finished-at="2026-02-08T17:43:30 IST" duration-ms="7498" status="PASS">
          <reporter-output>
          </reporter-output>
        </test-method> <!-- setup -->
        <test-method signature="logtest1(java.lang.String,java.lang.String,java.lang.String)[pri:0, instance:tests.LoginTest@23e84203]" started-at="2026-02-08T17:43:30 IST" name="logtest1" data-provider="testdata1" finished-at="2026-02-08T17:43:30 IST" duration-ms="438" status="PASS">
          <params>
            <param index="0">
              <value>
                <![CDATA[Validuser]]>
              </value>
            </param>
            <param index="1">
              <value>
                <![CDATA[Invalidpassword]]>
              </value>
            </param>
            <param index="2">
              <value>
                <![CDATA[Fail]]>
              </value>
            </param>
          </params>
          <reporter-output>
          </reporter-output>
        </test-method> <!-- logtest1 -->
        <test-method is-config="true" signature="teardown()[pri:0, instance:tests.LoginTest@23e84203]" started-at="2026-02-08T17:43:30 IST" name="teardown" finished-at="2026-02-08T17:43:31 IST" duration-ms="358" status="PASS">
          <reporter-output>
          </reporter-output>
        </test-method> <!-- teardown -->
        <test-method is-config="true" signature="setup()[pri:0, instance:tests.LoginTest@23e84203]" started-at="2026-02-08T17:43:31 IST" name="setup" finished-at="2026-02-08T17:43:38 IST" duration-ms="7678" status="PASS">
          <reporter-output>
          </reporter-output>
        </test-method> <!-- setup -->
        <test-method signature="logtest1(java.lang.String,java.lang.String,java.lang.String)[pri:0, instance:tests.LoginTest@23e84203]" started-at="2026-02-08T17:43:38 IST" name="logtest1" data-provider="testdata1" finished-at="2026-02-08T17:43:39 IST" duration-ms="386" status="PASS">
          <params>
            <param index="0">
              <value>
                <![CDATA[Invaliduser]]>
              </value>
            </param>
            <param index="1">
              <value>
                <![CDATA[Validpassword]]>
              </value>
            </param>
            <param index="2">
              <value>
                <![CDATA[Fail]]>
              </value>
            </param>
          </params>
          <reporter-output>
          </reporter-output>
        </test-method> <!-- logtest1 -->
        <test-method is-config="true" signature="teardown()[pri:0, instance:tests.LoginTest@23e84203]" started-at="2026-02-08T17:43:39 IST" name="teardown" finished-at="2026-02-08T17:43:39 IST" duration-ms="367" status="PASS">
          <reporter-output>
          </reporter-output>
        </test-method> <!-- teardown -->
      </class> <!-- tests.LoginTest -->
    </test> <!-- Default test -->
  </suite> <!-- Default suite -->
</testng-results>
