<?xml version="1.0" encoding="UTF-8"?>
<!-- Generated by org.testng.reporters.JUnitReportReporter -->
<testsuite hostname="DESKTOP-S7366JA" failures="0" tests="4" name="tests.LoginTest" time="37.191" errors="0" timestamp="2026-02-08T17:43:40 IST" skipped="0">
  <testcase classname="tests.LoginTest" name="logtest1" time="10.734"/>
  <testcase classname="tests.LoginTest" name="logtest1" time="8.810"/>
  <testcase classname="tests.LoginTest" name="logtest1" time="9.216"/>
  <testcase classname="tests.LoginTest" name="logtest1" time="8.431"/>
</testsuite> <!-- tests.LoginTest -->
